<?xml version="1.0" encoding="UTF-8"?>
<!-- Generated by org.testng.reporters.JUnitReportReporter -->
<testsuite hostname="IBM-8R0NH24" failures="0" tests="1" name="testcase.tc1" time="24.069" errors="0" timestamp="2024-07-23T11:58:08 IST" skipped="0">
  <testcase classname="testcase.tc1" name="test1" time="24.069"/>
</testsuite> <!-- testcase.tc1 -->
