<?xml version="1.0" encoding="UTF-8"?>
<!-- Generated by org.testng.reporters.JUnitReportReporter -->
<testsuite hostname="IBM-8R0NH24" failures="0" tests="1" name="testcase.tc9" time="24.227" errors="0" timestamp="2024-07-23T12:01:15 IST" skipped="0">
  <testcase classname="testcase.tc9" name="test1" time="24.227"/>
</testsuite> <!-- testcase.tc9 -->
