<?xml version="1.0" encoding="UTF-8"?>
<!-- Generated by org.testng.reporters.JUnitReportReporter -->
<testsuite hostname="IBM-8R0NH24" failures="0" tests="1" name="testcase.tc2" time="26.220" errors="0" timestamp="2024-07-23T11:43:51 IST" skipped="0">
  <testcase classname="testcase.tc2" name="test" time="26.220"/>
</testsuite> <!-- testcase.tc2 -->
